<?xml version="1.0" encoding="UTF-8" ?>
<testsuite tests="3" failures="0" name="io.rxson.rxjava.ReactiveSubscriberTest" time="5.623" errors="0" skipped="0">
  <properties>
    <property name="java.runtime.name" value="OpenJDK Runtime Environment"/>
    <property name="java.vm.version" value="15+36-1562"/>
    <property name="sun.boot.library.path" value="C:\Users\bouhanan\Documents\jdk-15\bin"/>
    <property name="user.country.format" value="FI"/>
    <property name="maven.multiModuleProjectDirectory" value="C:\Users\bouhanan\IdeaProjects\rxson"/>
    <property name="java.vm.vendor" value="Oracle Corporation"/>
    <property name="java.vendor.url" value="https://java.oracle.com/"/>
    <property name="guice.disable.misplaced.annotation.check" value="true"/>
    <property name="path.separator" value=";"/>
    <property name="java.vm.name" value="OpenJDK 64-Bit Server VM"/>
    <property name="sun.os.patch.level" value=""/>
    <property name="user.script" value=""/>
    <property name="user.country" value="GB"/>
    <property name="sun.java.launcher" value="SUN_STANDARD"/>
    <property name="java.vm.specification.name" value="Java Virtual Machine Specification"/>
    <property name="user.dir" value="C:\Users\bouhanan\IdeaProjects\rxson"/>
    <property name="java.vm.compressedOopsMode" value="Zero based"/>
    <property name="java.runtime.version" value="15+36-1562"/>
    <property name="os.arch" value="amd64"/>
    <property name="java.io.tmpdir" value="C:\Users\bouhanan\AppData\Local\Temp\"/>
    <property name="line.separator" value="
"/>
    <property name="java.vm.specification.vendor" value="Oracle Corporation"/>
    <property name="user.variant" value=""/>
    <property name="os.name" value="Windows 10"/>
    <property name="classworlds.conf" value="C:\Users\bouhanan\Documents\apache-maven-3.6.3-bin\apache-maven-3.6.3\bin\..\bin\m2.conf"/>
    <property name="sun.jnu.encoding" value="Cp1252"/>
    <property name="java.library.path" value="C:\Users\bouhanan\Documents\jdk-15\bin;C:\WINDOWS\Sun\Java\bin;C:\WINDOWS\system32;C:\WINDOWS;C:\Program Files\AdoptOpenJDK\jdk-14.0.0.36-hotspot\bin;C:\Python27\;C:\Python27\Scripts;C:\ProgramData\DockerDesktop\version-bin;C:\Program Files\Docker\Docker\Resources\bin;C:\Program Files (x86)\Common Files\Oracle\Java\javapath;C:\Program Files (x86)\RSA SecurID Token Common;C:\WINDOWS\system32;C:\WINDOWS;C:\WINDOWS\System32\Wbem;C:\WINDOWS\System32\WindowsPowerShell\v1.0\;C:\Program Files (x86)\SafeCom\SafeComPrintClient;C:\Users\bouhanan\Documents\apache-maven-3.6.3-bin\apache-maven-3.6.3\bin\;C:\Program Files\Git\cmd;C:\Program Files\Java\jdk1.8.0_201\bin;C:\ProgramData\chocolatey\bin;C:\Program Files (x86)\Webex\Webex\Applications;C:\Users\bouhanan\Documents\apache-groovy-binary-2.5.7\groovy-2.5.7\bin;C:\Users\bouhanan\Downloads\cmder\vendor\git-for-windows\usr\bin\;C:\Program Files (x86)\Yarn\bin\;C:\Program Files (x86)\Sennheiser\SoftphoneSDK\;C:\WINDOWS\System32\OpenSSH\;C:\Users\bouhanan\Downloads\pact-1.72.0-win32\pact\bin;C:\Program Files\NVIDIA Corporation\NVIDIA NvDLISR;C:\WINDOWS\system32\config\systemprofile\AppData\Local\Microsoft\WindowsApps;C:\Program Files (x86)\Adaptiva\AdaptivaClient\bin\x32;C:\Program Files (x86)\Adaptiva\AdaptivaClient\bin\x64;C:\Program Files\Intel\WiFi\bin\;C:\Program Files\Common Files\Intel\WirelessCommon\;C:\Program Files\nodejs\;C:\Go\bin;C:\Users\bouhanan\Documents\jdk-15\bin;C:\Users\bouhanan\.windows-build-tools\python27\;C:\Users\bouhanan\AppData\Local\Programs\Python\Python37\Scripts\;C:\Users\bouhanan\AppData\Local\Programs\Python\Python37\;C:\Users\bouhanan\AppData\Local\Microsoft\WindowsApps;;C:\Program Files\JetBrains\IntelliJ IDEA Community Edition 2018.3.5\bin;;C:\Program Files\JetBrains\IntelliJ IDEA 2019.2.2\bin;;C:\Program Files\JetBrains\GoLand 2018.3.4\bin;;C:\Users\bouhanan\AppData\Local\Programs\Microsoft VS Code\bin;C:\Users\bouhanan\AppData\Local\hyper\app-2.1.2\resources\bin;C:\Users\bouhanan\AppData\Local\Yarn\bin;C:\Users\bouhanan\go\bin;C:\Program Files\JetBrains\IntelliJ IDEA 2019.3.4\bin;;C:\Program Files\heroku\bin;C:\Users\bouhanan\AppData\Roaming\npm;C:\Users\bouhanan\go\bin;."/>
    <property name="maven.conf" value="C:\Users\bouhanan\Documents\apache-maven-3.6.3-bin\apache-maven-3.6.3\bin\../conf"/>
    <property name="jdk.debug" value="release"/>
    <property name="java.class.version" value="59.0"/>
    <property name="java.specification.name" value="Java Platform API Specification"/>
    <property name="sun.management.compiler" value="HotSpot 64-Bit Tiered Compilers"/>
    <property name="os.version" value="10.0"/>
    <property name="library.jansi.path" value="C:\Users\bouhanan\Documents\apache-maven-3.6.3-bin\apache-maven-3.6.3\bin\..\lib\jansi-native"/>
    <property name="user.home" value="C:\Users\bouhanan"/>
    <property name="user.timezone" value="Europe/Helsinki"/>
    <property name="file.encoding" value="Cp1252"/>
    <property name="java.specification.version" value="15"/>
    <property name="user.name" value="bouhanan"/>
    <property name="java.class.path" value="C:\Users\bouhanan\Documents\apache-maven-3.6.3-bin\apache-maven-3.6.3\bin\..\boot\plexus-classworlds-2.6.0.jar"/>
    <property name="java.vm.specification.version" value="15"/>
    <property name="sun.arch.data.model" value="64"/>
    <property name="sun.java.command" value="org.codehaus.plexus.classworlds.launcher.Launcher clean deploy -P release-sign-artifacts"/>
    <property name="java.home" value="C:\Users\bouhanan\Documents\jdk-15"/>
    <property name="user.language" value="en"/>
    <property name="java.specification.vendor" value="Oracle Corporation"/>
    <property name="user.language.format" value="fi"/>
    <property name="java.vm.info" value="mixed mode, sharing"/>
    <property name="java.version" value="15"/>
    <property name="java.vendor" value="Oracle Corporation"/>
    <property name="sun.stderr.encoding" value="cp850"/>
    <property name="maven.home" value="C:\Users\bouhanan\Documents\apache-maven-3.6.3-bin\apache-maven-3.6.3\bin\.."/>
    <property name="file.separator" value="\"/>
    <property name="java.version.date" value="2020-09-15"/>
    <property name="java.vendor.url.bug" value="https://bugreport.java.com/bugreport/"/>
    <property name="sun.io.unicode.encoding" value="UnicodeLittle"/>
    <property name="sun.cpu.endian" value="little"/>
    <property name="sun.stdout.encoding" value="cp850"/>
    <property name="sun.cpu.isalist" value="amd64"/>
  </properties>
  <testcase classname="io.rxson.rxjava.ReactiveSubscriberTest" name="createForReactivePath" time="2.159"/>
  <testcase classname="io.rxson.rxjava.ReactiveSubscriberTest" name="testCreateCompletable_ShouldRetunCompletable" time="1.596"/>
  <testcase classname="io.rxson.rxjava.ReactiveSubscriberTest" name="createFlatStream" time="1.868"/>
</testsuite>